<?xml version="1.0" encoding="UTF-8"?>
<!-- Generated by org.testng.reporters.JUnitReportReporter -->
<testsuite hostname="Beautys-MBP.lan" failures="0" tests="2" name="runners.TestRunner" time="9.876" errors="0" timestamp="7 Mar 2024 01:06:38 GMT">
  <testcase classname="runners.TestRunner" name="runScenario" time="5.540"/>
  <testcase classname="runners.TestRunner" name="runScenario" time="4.336"/>
</testsuite> <!-- runners.TestRunner -->
